2026-04-19 13:07:15,336 [INFO] ============================================================
2026-04-19 13:07:15,337 [INFO]   FruitSense Backend starting …
2026-04-19 13:07:15,338 [INFO] ============================================================
2026-04-19 13:07:20,711 [INFO] Loading CNN model from best_fruit_model_resnet50.pth …
2026-04-19 13:07:20,715 [ERROR] CNN model load failed: [Errno 2] No such file or directory: 'best_fruit_model_resnet50.pth' – requests will fail.
2026-04-19 13:07:20,715 [ERROR] PKL model load failed: No module named 'joblib' – requests will fail.
2026-04-19 13:07:20,716 [INFO] Server listening on http://127.0.0.1:5000
2026-04-19 13:07:20,717 [WARNING] Serial unavailable (No module named 'serial'). Using simulated sensor data.
2026-04-19 13:07:20,737 [INFO] [31m[1mWARNING: This is a development server. Do not use it in a production deployment. Use a production WSGI server instead.[0m
 * Running on http://127.0.0.1:5000
2026-04-19 13:07:20,737 [INFO] [33mPress CTRL+C to quit[0m
2026-04-19 13:07:40,589 [INFO] 127.0.0.1 - - [19/Apr/2026 13:07:40] "[33mGET / HTTP/1.1[0m" 404 -
2026-04-19 13:07:40,816 [INFO] 127.0.0.1 - - [19/Apr/2026 13:07:40] "[33mGET /favicon.ico HTTP/1.1[0m" 404 -
2026-04-19 13:20:38,927 [INFO] ============================================================
2026-04-19 13:20:38,928 [INFO]   FruitSense Backend starting …
2026-04-19 13:20:38,928 [INFO] ============================================================
2026-04-19 13:20:42,425 [INFO] Loading CNN model from best_fruit_model_resnet50.pth …
2026-04-19 13:20:42,427 [ERROR] CNN model load failed: [Errno 2] No such file or directory: 'best_fruit_model_resnet50.pth' – requests will fail.
2026-04-19 13:20:42,493 [INFO] Loading ML models from fruit_quality_models.pkl …
2026-04-19 13:20:42,494 [ERROR] PKL model load failed: [Errno 2] No such file or directory: 'fruit_quality_models.pkl' – requests will fail.
2026-04-19 13:20:42,495 [INFO] Server listening on http://127.0.0.1:5000
2026-04-19 13:20:42,504 [INFO] Opening serial port COM3 @ 9600 baud …
2026-04-19 13:20:42,522 [INFO] [31m[1mWARNING: This is a development server. Do not use it in a production deployment. Use a production WSGI server instead.[0m
 * Running on http://127.0.0.1:5000
2026-04-19 13:20:42,523 [INFO] [33mPress CTRL+C to quit[0m
2026-04-19 13:20:44,545 [INFO] Serial connected.
2026-04-19 13:20:56,886 [INFO] 127.0.0.1 - - [19/Apr/2026 13:20:56] "GET /health HTTP/1.1" 200 -
2026-04-19 13:21:40,130 [INFO] 127.0.0.1 - - [19/Apr/2026 13:21:40] "OPTIONS /analyze HTTP/1.1" 200 -
2026-04-19 13:21:40,135 [INFO] Loading CNN model from best_fruit_model_resnet50.pth …
2026-04-19 13:21:40,168 [INFO] 127.0.0.1 - - [19/Apr/2026 13:21:40] "[35m[1mPOST /analyze HTTP/1.1[0m" 500 -
2026-04-19 13:25:17,274 [INFO] ============================================================
2026-04-19 13:25:17,279 [INFO]   FruitSense Backend starting …
2026-04-19 13:25:17,279 [INFO] ============================================================
2026-04-19 13:25:20,564 [INFO] Loading CNN model from best_fruit_model_resnet50.pth …
2026-04-19 13:25:20,566 [ERROR] CNN model load failed: [Errno 2] No such file or directory: 'best_fruit_model_resnet50.pth' – requests will fail.
2026-04-19 13:25:20,596 [INFO] Loading ML models from fruit_quality_models.pkl …
2026-04-19 13:25:20,596 [ERROR] PKL model load failed: [Errno 2] No such file or directory: 'fruit_quality_models.pkl' – requests will fail.
2026-04-19 13:25:20,596 [INFO] Server listening on http://127.0.0.1:5000
2026-04-19 13:25:20,609 [INFO] Opening serial port COM3 @ 9600 baud …
2026-04-19 13:25:20,628 [INFO] [31m[1mWARNING: This is a development server. Do not use it in a production deployment. Use a production WSGI server instead.[0m
 * Running on http://127.0.0.1:5000
2026-04-19 13:25:20,628 [INFO] [33mPress CTRL+C to quit[0m
2026-04-19 13:25:22,666 [INFO] Serial connected.
2026-04-19 13:25:36,613 [INFO] 127.0.0.1 - - [19/Apr/2026 13:25:36] "OPTIONS /analyze HTTP/1.1" 200 -
2026-04-19 13:25:36,620 [INFO] Loading CNN model from best_fruit_model_resnet50.pth …
2026-04-19 13:25:36,640 [INFO] 127.0.0.1 - - [19/Apr/2026 13:25:36] "[35m[1mPOST /analyze HTTP/1.1[0m" 500 -
2026-04-19 13:26:37,283 [INFO] ============================================================
2026-04-19 13:26:37,283 [INFO]   FruitSense Backend starting …
2026-04-19 13:26:37,283 [INFO] ============================================================
2026-04-19 13:26:40,382 [INFO] Loading CNN model from best_fruit_model_resnet50.pth …
2026-04-19 13:26:40,390 [ERROR] CNN model load failed: [Errno 2] No such file or directory: 'best_fruit_model_resnet50.pth' – requests will fail.
2026-04-19 13:26:40,418 [INFO] Loading ML models from fruit_quality_models.pkl …
2026-04-19 13:26:40,419 [ERROR] PKL model load failed: [Errno 2] No such file or directory: 'fruit_quality_models.pkl' – requests will fail.
2026-04-19 13:26:40,420 [INFO] Server listening on http://127.0.0.1:5000
2026-04-19 13:26:40,428 [INFO] Opening serial port COM3 @ 9600 baud …
2026-04-19 13:26:40,441 [INFO] [31m[1mWARNING: This is a development server. Do not use it in a production deployment. Use a production WSGI server instead.[0m
 * Running on http://127.0.0.1:5000
2026-04-19 13:26:40,441 [INFO] [33mPress CTRL+C to quit[0m
2026-04-19 13:26:42,466 [INFO] Serial connected.
2026-04-19 13:27:02,475 [INFO] 127.0.0.1 - - [19/Apr/2026 13:27:02] "OPTIONS /analyze HTTP/1.1" 200 -
2026-04-19 13:27:02,480 [INFO] Loading CNN model from best_fruit_model_resnet50.pth …
2026-04-19 13:27:02,501 [INFO] 127.0.0.1 - - [19/Apr/2026 13:27:02] "[35m[1mPOST /analyze HTTP/1.1[0m" 500 -
2026-04-19 13:29:15,651 [INFO] ============================================================
2026-04-19 13:29:15,651 [INFO]   FruitSense Backend starting …
2026-04-19 13:29:15,651 [INFO] ============================================================
2026-04-19 13:29:19,051 [INFO] Loading CNN model from /model/best_fruit_model_resnet50.pth …
2026-04-19 13:29:19,054 [ERROR] CNN model load failed: [Errno 2] No such file or directory: '/model/best_fruit_model_resnet50.pth' – requests will fail.
2026-04-19 13:29:19,084 [INFO] Loading ML models from /model/fruit_quality_models.pkl …
2026-04-19 13:29:19,084 [ERROR] PKL model load failed: [Errno 2] No such file or directory: '/model/fruit_quality_models.pkl' – requests will fail.
2026-04-19 13:29:19,084 [INFO] Server listening on http://127.0.0.1:5000
2026-04-19 13:29:19,100 [INFO] Opening serial port COM8 @ 9600 baud …
2026-04-19 13:29:19,101 [WARNING] Serial unavailable (could not open port 'COM8': FileNotFoundError(2, 'The system cannot find the file specified.', None, 2)). Using simulated sensor data.
2026-04-19 13:29:19,114 [INFO] [31m[1mWARNING: This is a development server. Do not use it in a production deployment. Use a production WSGI server instead.[0m
 * Running on http://127.0.0.1:5000
2026-04-19 13:29:19,115 [INFO] [33mPress CTRL+C to quit[0m
2026-04-19 13:29:30,771 [INFO] 127.0.0.1 - - [19/Apr/2026 13:29:30] "OPTIONS /analyze HTTP/1.1" 200 -
2026-04-19 13:29:30,777 [INFO] Loading CNN model from /model/best_fruit_model_resnet50.pth …
2026-04-19 13:29:30,792 [INFO] 127.0.0.1 - - [19/Apr/2026 13:29:30] "[35m[1mPOST /analyze HTTP/1.1[0m" 500 -
2026-04-19 13:36:40,310 [INFO] ============================================================
2026-04-19 13:36:40,310 [INFO]   FruitSense Backend starting …
2026-04-19 13:36:40,311 [INFO] ============================================================
2026-04-19 13:36:43,351 [INFO] Loading CNN model from E:\finall-iot\backend\model\best_fruit_model_resnet50.pth …
2026-04-19 13:36:44,171 [ERROR] CNN model load failed: Error(s) in loading state_dict for ResNet:
	Missing key(s) in state_dict: "fc.weight", "fc.bias". 
	Unexpected key(s) in state_dict: "_backbone_ref.0.weight", "_backbone_ref.1.weight", "_backbone_ref.1.bias", "_backbone_ref.1.running_mean", "_backbone_ref.1.running_var", "_backbone_ref.1.num_batches_tracked", "_backbone_ref.4.0.conv1.weight", "_backbone_ref.4.0.bn1.weight", "_backbone_ref.4.0.bn1.bias", "_backbone_ref.4.0.bn1.running_mean", "_backbone_ref.4.0.bn1.running_var", "_backbone_ref.4.0.bn1.num_batches_tracked", "_backbone_ref.4.0.conv2.weight", "_backbone_ref.4.0.bn2.weight", "_backbone_ref.4.0.bn2.bias", "_backbone_ref.4.0.bn2.running_mean", "_backbone_ref.4.0.bn2.running_var", "_backbone_ref.4.0.bn2.num_batches_tracked", "_backbone_ref.4.0.conv3.weight", "_backbone_ref.4.0.bn3.weight", "_backbone_ref.4.0.bn3.bias", "_backbone_ref.4.0.bn3.running_mean", "_backbone_ref.4.0.bn3.running_var", "_backbone_ref.4.0.bn3.num_batches_tracked", "_backbone_ref.4.0.downsample.0.weight", "_backbone_ref.4.0.downsample.1.weight", "_backbone_ref.4.0.downsample.1.bias", "_backbone_ref.4.0.downsample.1.running_mean", "_backbone_ref.4.0.downsample.1.running_var", "_backbone_ref.4.0.downsample.1.num_batches_tracked", "_backbone_ref.4.1.conv1.weight", "_backbone_ref.4.1.bn1.weight", "_backbone_ref.4.1.bn1.bias", "_backbone_ref.4.1.bn1.running_mean", "_backbone_ref.4.1.bn1.running_var", "_backbone_ref.4.1.bn1.num_batches_tracked", "_backbone_ref.4.1.conv2.weight", "_backbone_ref.4.1.bn2.weight", "_backbone_ref.4.1.bn2.bias", "_backbone_ref.4.1.bn2.running_mean", "_backbone_ref.4.1.bn2.running_var", "_backbone_ref.4.1.bn2.num_batches_tracked", "_backbone_ref.4.1.conv3.weight", "_backbone_ref.4.1.bn3.weight", "_backbone_ref.4.1.bn3.bias", "_backbone_ref.4.1.bn3.running_mean", "_backbone_ref.4.1.bn3.running_var", "_backbone_ref.4.1.bn3.num_batches_tracked", "_backbone_ref.4.2.conv1.weight", "_backbone_ref.4.2.bn1.weight", "_backbone_ref.4.2.bn1.bias", "_backbone_ref.4.2.bn1.running_mean", "_backbone_ref.4.2.bn1.running_var", "_backbone_ref.4.2.bn1.num_batches_tracked", "_backbone_ref.4.2.conv2.weight", "_backbone_ref.4.2.bn2.weight", "_backbone_ref.4.2.bn2.bias", "_backbone_ref.4.2.bn2.running_mean", "_backbone_ref.4.2.bn2.running_var", "_backbone_ref.4.2.bn2.num_batches_tracked", "_backbone_ref.4.2.conv3.weight", "_backbone_ref.4.2.bn3.weight", "_backbone_ref.4.2.bn3.bias", "_backbone_ref.4.2.bn3.running_mean", "_backbone_ref.4.2.bn3.running_var", "_backbone_ref.4.2.bn3.num_batches_tracked", "_backbone_ref.5.0.conv1.weight", "_backbone_ref.5.0.bn1.weight", "_backbone_ref.5.0.bn1.bias", "_backbone_ref.5.0.bn1.running_mean", "_backbone_ref.5.0.bn1.running_var", "_backbone_ref.5.0.bn1.num_batches_tracked", "_backbone_ref.5.0.conv2.weight", "_backbone_ref.5.0.bn2.weight", "_backbone_ref.5.0.bn2.bias", "_backbone_ref.5.0.bn2.running_mean", "_backbone_ref.5.0.bn2.running_var", "_backbone_ref.5.0.bn2.num_batches_tracked", "_backbone_ref.5.0.conv3.weight", "_backbone_ref.5.0.bn3.weight", "_backbone_ref.5.0.bn3.bias", "_backbone_ref.5.0.bn3.running_mean", "_backbone_ref.5.0.bn3.running_var", "_backbone_ref.5.0.bn3.num_batches_tracked", "_backbone_ref.5.0.downsample.0.weight", "_backbone_ref.5.0.downsample.1.weight", "_backbone_ref.5.0.downsample.1.bias", "_backbone_ref.5.0.downsample.1.running_mean", "_backbone_ref.5.0.downsample.1.running_var", "_backbone_ref.5.0.downsample.1.num_batches_tracked", "_backbone_ref.5.1.conv1.weight", "_backbone_ref.5.1.bn1.weight", "_backbone_ref.5.1.bn1.bias", "_backbone_ref.5.1.bn1.running_mean", "_backbone_ref.5.1.bn1.running_var", "_backbone_ref.5.1.bn1.num_batches_tracked", "_backbone_ref.5.1.conv2.weight", "_backbone_ref.5.1.bn2.weight", "_backbone_ref.5.1.bn2.bias", "_backbone_ref.5.1.bn2.running_mean", "_backbone_ref.5.1.bn2.running_var", "_backbone_ref.5.1.bn2.num_batches_tracked", "_backbone_ref.5.1.conv3.weight", "_backbone_ref.5.1.bn3.weight", "_backbone_ref.5.1.bn3.bias", "_backbone_ref.5.1.bn3.running_mean", "_backbone_ref.5.1.bn3.running_var", "_backbone_ref.5.1.bn3.num_batches_tracked", "_backbone_ref.5.2.conv1.weight", "_backbone_ref.5.2.bn1.weight", "_backbone_ref.5.2.bn1.bias", "_backbone_ref.5.2.bn1.running_mean", "_backbone_ref.5.2.bn1.running_var", "_backbone_ref.5.2.bn1.num_batches_tracked", "_backbone_ref.5.2.conv2.weight", "_backbone_ref.5.2.bn2.weight", "_backbone_ref.5.2.bn2.bias", "_backbone_ref.5.2.bn2.running_mean", "_backbone_ref.5.2.bn2.running_var", "_backbone_ref.5.2.bn2.num_batches_tracked", "_backbone_ref.5.2.conv3.weight", "_backbone_ref.5.2.bn3.weight", "_backbone_ref.5.2.bn3.bias", "_backbone_ref.5.2.bn3.running_mean", "_backbone_ref.5.2.bn3.running_var", "_backbone_ref.5.2.bn3.num_batches_tracked", "_backbone_ref.5.3.conv1.weight", "_backbone_ref.5.3.bn1.weight", "_backbone_ref.5.3.bn1.bias", "_backbone_ref.5.3.bn1.running_mean", "_backbone_ref.5.3.bn1.running_var", "_backbone_ref.5.3.bn1.num_batches_tracked", "_backbone_ref.5.3.conv2.weight", "_backbone_ref.5.3.bn2.weight", "_backbone_ref.5.3.bn2.bias", "_backbone_ref.5.3.bn2.running_mean", "_backbone_ref.5.3.bn2.running_var", "_backbone_ref.5.3.bn2.num_batches_tracked", "_backbone_ref.5.3.conv3.weight", "_backbone_ref.5.3.bn3.weight", "_backbone_ref.5.3.bn3.bias", "_backbone_ref.5.3.bn3.running_mean", "_backbone_ref.5.3.bn3.running_var", "_backbone_ref.5.3.bn3.num_batches_tracked", "_backbone_ref.6.0.conv1.weight", "_backbone_ref.6.0.bn1.weight", "_backbone_ref.6.0.bn1.bias", "_backbone_ref.6.0.bn1.running_mean", "_backbone_ref.6.0.bn1.running_var", "_backbone_ref.6.0.bn1.num_batches_tracked", "_backbone_ref.6.0.conv2.weight", "_backbone_ref.6.0.bn2.weight", "_backbone_ref.6.0.bn2.bias", "_backbone_ref.6.0.bn2.running_mean", "_backbone_ref.6.0.bn2.running_var", "_backbone_ref.6.0.bn2.num_batches_tracked", "_backbone_ref.6.0.conv3.weight", "_backbone_ref.6.0.bn3.weight", "_backbone_ref.6.0.bn3.bias", "_backbone_ref.6.0.bn3.running_mean", "_backbone_ref.6.0.bn3.running_var", "_backbone_ref.6.0.bn3.num_batches_tracked", "_backbone_ref.6.0.downsample.0.weight", "_backbone_ref.6.0.downsample.1.weight", "_backbone_ref.6.0.downsample.1.bias", "_backbone_ref.6.0.downsample.1.running_mean", "_backbone_ref.6.0.downsample.1.running_var", "_backbone_ref.6.0.downsample.1.num_batches_tracked", "_backbone_ref.6.1.conv1.weight", "_backbone_ref.6.1.bn1.weight", "_backbone_ref.6.1.bn1.bias", "_backbone_ref.6.1.bn1.running_mean", "_backbone_ref.6.1.bn1.running_var", "_backbone_ref.6.1.bn1.num_batches_tracked", "_backbone_ref.6.1.conv2.weight", "_backbone_ref.6.1.bn2.weight", "_backbone_ref.6.1.bn2.bias", "_backbone_ref.6.1.bn2.running_mean", "_backbone_ref.6.1.bn2.running_var", "_backbone_ref.6.1.bn2.num_batches_tracked", "_backbone_ref.6.1.conv3.weight", "_backbone_ref.6.1.bn3.weight", "_backbone_ref.6.1.bn3.bias", "_backbone_ref.6.1.bn3.running_mean", "_backbone_ref.6.1.bn3.running_var", "_backbone_ref.6.1.bn3.num_batches_tracked", "_backbone_ref.6.2.conv1.weight", "_backbone_ref.6.2.bn1.weight", "_backbone_ref.6.2.bn1.bias", "_backbone_ref.6.2.bn1.running_mean", "_backbone_ref.6.2.bn1.running_var", "_backbone_ref.6.2.bn1.num_batches_tracked", "_backbone_ref.6.2.conv2.weight", "_backbone_ref.6.2.bn2.weight", "_backbone_ref.6.2.bn2.bias", "_backbone_ref.6.2.bn2.running_mean", "_backbone_ref.6.2.bn2.running_var", "_backbone_ref.6.2.bn2.num_batches_tracked", "_backbone_ref.6.2.conv3.weight", "_backbone_ref.6.2.bn3.weight", "_backbone_ref.6.2.bn3.bias", "_backbone_ref.6.2.bn3.running_mean", "_backbone_ref.6.2.bn3.running_var", "_backbone_ref.6.2.bn3.num_batches_tracked", "_backbone_ref.6.3.conv1.weight", "_backbone_ref.6.3.bn1.weight", "_backbone_ref.6.3.bn1.bias", "_backbone_ref.6.3.bn1.running_mean", "_backbone_ref.6.3.bn1.running_var", "_backbone_ref.6.3.bn1.num_batches_tracked", "_backbone_ref.6.3.conv2.weight", "_backbone_ref.6.3.bn2.weight", "_backbone_ref.6.3.bn2.bias", "_backbone_ref.6.3.bn2.running_mean", "_backbone_ref.6.3.bn2.running_var", "_backbone_ref.6.3.bn2.num_batches_tracked", "_backbone_ref.6.3.conv3.weight", "_backbone_ref.6.3.bn3.weight", "_backbone_ref.6.3.bn3.bias", "_backbone_ref.6.3.bn3.running_mean", "_backbone_ref.6.3.bn3.running_var", "_backbone_ref.6.3.bn3.num_batches_tracked", "_backbone_ref.6.4.conv1.weight", "_backbone_ref.6.4.bn1.weight", "_backbone_ref.6.4.bn1.bias", "_backbone_ref.6.4.bn1.running_mean", "_backbone_ref.6.4.bn1.running_var", "_backbone_ref.6.4.bn1.num_batches_tracked", "_backbone_ref.6.4.conv2.weight", "_backbone_ref.6.4.bn2.weight", "_backbone_ref.6.4.bn2.bias", "_backbone_ref.6.4.bn2.running_mean", "_backbone_ref.6.4.bn2.running_var", "_backbone_ref.6.4.bn2.num_batches_tracked", "_backbone_ref.6.4.conv3.weight", "_backbone_ref.6.4.bn3.weight", "_backbone_ref.6.4.bn3.bias", "_backbone_ref.6.4.bn3.running_mean", "_backbone_ref.6.4.bn3.running_var", "_backbone_ref.6.4.bn3.num_batches_tracked", "_backbone_ref.6.5.conv1.weight", "_backbone_ref.6.5.bn1.weight", "_backbone_ref.6.5.bn1.bias", "_backbone_ref.6.5.bn1.running_mean", "_backbone_ref.6.5.bn1.running_var", "_backbone_ref.6.5.bn1.num_batches_tracked", "_backbone_ref.6.5.conv2.weight", "_backbone_ref.6.5.bn2.weight", "_backbone_ref.6.5.bn2.bias", "_backbone_ref.6.5.bn2.running_mean", "_backbone_ref.6.5.bn2.running_var", "_backbone_ref.6.5.bn2.num_batches_tracked", "_backbone_ref.6.5.conv3.weight", "_backbone_ref.6.5.bn3.weight", "_backbone_ref.6.5.bn3.bias", "_backbone_ref.6.5.bn3.running_mean", "_backbone_ref.6.5.bn3.running_var", "_backbone_ref.6.5.bn3.num_batches_tracked", "_backbone_ref.7.0.conv1.weight", "_backbone_ref.7.0.bn1.weight", "_backbone_ref.7.0.bn1.bias", "_backbone_ref.7.0.bn1.running_mean", "_backbone_ref.7.0.bn1.running_var", "_backbone_ref.7.0.bn1.num_batches_tracked", "_backbone_ref.7.0.conv2.weight", "_backbone_ref.7.0.bn2.weight", "_backbone_ref.7.0.bn2.bias", "_backbone_ref.7.0.bn2.running_mean", "_backbone_ref.7.0.bn2.running_var", "_backbone_ref.7.0.bn2.num_batches_tracked", "_backbone_ref.7.0.conv3.weight", "_backbone_ref.7.0.bn3.weight", "_backbone_ref.7.0.bn3.bias", "_backbone_ref.7.0.bn3.running_mean", "_backbone_ref.7.0.bn3.running_var", "_backbone_ref.7.0.bn3.num_batches_tracked", "_backbone_ref.7.0.downsample.0.weight", "_backbone_ref.7.0.downsample.1.weight", "_backbone_ref.7.0.downsample.1.bias", "_backbone_ref.7.0.downsample.1.running_mean", "_backbone_ref.7.0.downsample.1.running_var", "_backbone_ref.7.0.downsample.1.num_batches_tracked", "_backbone_ref.7.1.conv1.weight", "_backbone_ref.7.1.bn1.weight", "_backbone_ref.7.1.bn1.bias", "_backbone_ref.7.1.bn1.running_mean", "_backbone_ref.7.1.bn1.running_var", "_backbone_ref.7.1.bn1.num_batches_tracked", "_backbone_ref.7.1.conv2.weight", "_backbone_ref.7.1.bn2.weight", "_backbone_ref.7.1.bn2.bias", "_backbone_ref.7.1.bn2.running_mean", "_backbone_ref.7.1.bn2.running_var", "_backbone_ref.7.1.bn2.num_batches_tracked", "_backbone_ref.7.1.conv3.weight", "_backbone_ref.7.1.bn3.weight", "_backbone_ref.7.1.bn3.bias", "_backbone_ref.7.1.bn3.running_mean", "_backbone_ref.7.1.bn3.running_var", "_backbone_ref.7.1.bn3.num_batches_tracked", "_backbone_ref.7.2.conv1.weight", "_backbone_ref.7.2.bn1.weight", "_backbone_ref.7.2.bn1.bias", "_backbone_ref.7.2.bn1.running_mean", "_backbone_ref.7.2.bn1.running_var", "_backbone_ref.7.2.bn1.num_batches_tracked", "_backbone_ref.7.2.conv2.weight", "_backbone_ref.7.2.bn2.weight", "_backbone_ref.7.2.bn2.bias", "_backbone_ref.7.2.bn2.running_mean", "_backbone_ref.7.2.bn2.running_var", "_backbone_ref.7.2.bn2.num_batches_tracked", "_backbone_ref.7.2.conv3.weight", "_backbone_ref.7.2.bn3.weight", "_backbone_ref.7.2.bn3.bias", "_backbone_ref.7.2.bn3.running_mean", "_backbone_ref.7.2.bn3.running_var", "_backbone_ref.7.2.bn3.num_batches_tracked", "fc.head.0.weight", "fc.head.0.bias", "fc.head.0.running_mean", "fc.head.0.running_var", "fc.head.0.num_batches_tracked", "fc.head.2.weight", "fc.head.2.bias", "fc.head.4.weight", "fc.head.4.bias", "fc.head.4.running_mean", "fc.head.4.running_var", "fc.head.4.num_batches_tracked", "fc.head.6.weight", "fc.head.6.bias".  – requests will fail.
2026-04-19 13:36:44,217 [INFO] Loading ML models from E:\finall-iot\backend\model\fruit_quality_models.pkl …
2026-04-19 13:36:45,471 [INFO] ML models loaded. Features: ['mq3', 'mq5', 'mq135', 'temperature', 'humidity', 'gas_intensity', 'fermentation_index', 'spoilage_index', 'env_factor', 'fruit_enc']
2026-04-19 13:36:45,473 [INFO] Server listening on http://127.0.0.1:5000
2026-04-19 13:36:45,485 [INFO] Opening serial port COM8 @ 9600 baud …
2026-04-19 13:36:45,491 [WARNING] Serial unavailable (could not open port 'COM8': FileNotFoundError(2, 'The system cannot find the file specified.', None, 2)). Using simulated sensor data.
2026-04-19 13:36:45,507 [INFO] [31m[1mWARNING: This is a development server. Do not use it in a production deployment. Use a production WSGI server instead.[0m
 * Running on http://127.0.0.1:5000
2026-04-19 13:36:45,507 [INFO] [33mPress CTRL+C to quit[0m
2026-04-19 13:37:09,916 [INFO] 127.0.0.1 - - [19/Apr/2026 13:37:09] "OPTIONS /analyze HTTP/1.1" 200 -
2026-04-19 13:37:09,921 [INFO] Loading CNN model from E:\finall-iot\backend\model\best_fruit_model_resnet50.pth …
2026-04-19 13:37:10,493 [INFO] 127.0.0.1 - - [19/Apr/2026 13:37:10] "[35m[1mPOST /analyze HTTP/1.1[0m" 500 -
2026-04-19 13:59:03,425 [INFO] ============================================================
2026-04-19 13:59:03,425 [INFO]   FruitSense Backend starting …
2026-04-19 13:59:03,425 [INFO] ============================================================
2026-04-19 13:59:06,625 [INFO] Loading CNN model from E:\finall-iot\backend\model\best_fruit_model_resnet50.pth …
2026-04-19 13:59:07,135 [ERROR] CNN model load failed: Error(s) in loading state_dict for ResNet:
	Missing key(s) in state_dict: "fc.weight", "fc.bias". 
	Unexpected key(s) in state_dict: "_backbone_ref.0.weight", "_backbone_ref.1.weight", "_backbone_ref.1.bias", "_backbone_ref.1.running_mean", "_backbone_ref.1.running_var", "_backbone_ref.1.num_batches_tracked", "_backbone_ref.4.0.conv1.weight", "_backbone_ref.4.0.bn1.weight", "_backbone_ref.4.0.bn1.bias", "_backbone_ref.4.0.bn1.running_mean", "_backbone_ref.4.0.bn1.running_var", "_backbone_ref.4.0.bn1.num_batches_tracked", "_backbone_ref.4.0.conv2.weight", "_backbone_ref.4.0.bn2.weight", "_backbone_ref.4.0.bn2.bias", "_backbone_ref.4.0.bn2.running_mean", "_backbone_ref.4.0.bn2.running_var", "_backbone_ref.4.0.bn2.num_batches_tracked", "_backbone_ref.4.0.conv3.weight", "_backbone_ref.4.0.bn3.weight", "_backbone_ref.4.0.bn3.bias", "_backbone_ref.4.0.bn3.running_mean", "_backbone_ref.4.0.bn3.running_var", "_backbone_ref.4.0.bn3.num_batches_tracked", "_backbone_ref.4.0.downsample.0.weight", "_backbone_ref.4.0.downsample.1.weight", "_backbone_ref.4.0.downsample.1.bias", "_backbone_ref.4.0.downsample.1.running_mean", "_backbone_ref.4.0.downsample.1.running_var", "_backbone_ref.4.0.downsample.1.num_batches_tracked", "_backbone_ref.4.1.conv1.weight", "_backbone_ref.4.1.bn1.weight", "_backbone_ref.4.1.bn1.bias", "_backbone_ref.4.1.bn1.running_mean", "_backbone_ref.4.1.bn1.running_var", "_backbone_ref.4.1.bn1.num_batches_tracked", "_backbone_ref.4.1.conv2.weight", "_backbone_ref.4.1.bn2.weight", "_backbone_ref.4.1.bn2.bias", "_backbone_ref.4.1.bn2.running_mean", "_backbone_ref.4.1.bn2.running_var", "_backbone_ref.4.1.bn2.num_batches_tracked", "_backbone_ref.4.1.conv3.weight", "_backbone_ref.4.1.bn3.weight", "_backbone_ref.4.1.bn3.bias", "_backbone_ref.4.1.bn3.running_mean", "_backbone_ref.4.1.bn3.running_var", "_backbone_ref.4.1.bn3.num_batches_tracked", "_backbone_ref.4.2.conv1.weight", "_backbone_ref.4.2.bn1.weight", "_backbone_ref.4.2.bn1.bias", "_backbone_ref.4.2.bn1.running_mean", "_backbone_ref.4.2.bn1.running_var", "_backbone_ref.4.2.bn1.num_batches_tracked", "_backbone_ref.4.2.conv2.weight", "_backbone_ref.4.2.bn2.weight", "_backbone_ref.4.2.bn2.bias", "_backbone_ref.4.2.bn2.running_mean", "_backbone_ref.4.2.bn2.running_var", "_backbone_ref.4.2.bn2.num_batches_tracked", "_backbone_ref.4.2.conv3.weight", "_backbone_ref.4.2.bn3.weight", "_backbone_ref.4.2.bn3.bias", "_backbone_ref.4.2.bn3.running_mean", "_backbone_ref.4.2.bn3.running_var", "_backbone_ref.4.2.bn3.num_batches_tracked", "_backbone_ref.5.0.conv1.weight", "_backbone_ref.5.0.bn1.weight", "_backbone_ref.5.0.bn1.bias", "_backbone_ref.5.0.bn1.running_mean", "_backbone_ref.5.0.bn1.running_var", "_backbone_ref.5.0.bn1.num_batches_tracked", "_backbone_ref.5.0.conv2.weight", "_backbone_ref.5.0.bn2.weight", "_backbone_ref.5.0.bn2.bias", "_backbone_ref.5.0.bn2.running_mean", "_backbone_ref.5.0.bn2.running_var", "_backbone_ref.5.0.bn2.num_batches_tracked", "_backbone_ref.5.0.conv3.weight", "_backbone_ref.5.0.bn3.weight", "_backbone_ref.5.0.bn3.bias", "_backbone_ref.5.0.bn3.running_mean", "_backbone_ref.5.0.bn3.running_var", "_backbone_ref.5.0.bn3.num_batches_tracked", "_backbone_ref.5.0.downsample.0.weight", "_backbone_ref.5.0.downsample.1.weight", "_backbone_ref.5.0.downsample.1.bias", "_backbone_ref.5.0.downsample.1.running_mean", "_backbone_ref.5.0.downsample.1.running_var", "_backbone_ref.5.0.downsample.1.num_batches_tracked", "_backbone_ref.5.1.conv1.weight", "_backbone_ref.5.1.bn1.weight", "_backbone_ref.5.1.bn1.bias", "_backbone_ref.5.1.bn1.running_mean", "_backbone_ref.5.1.bn1.running_var", "_backbone_ref.5.1.bn1.num_batches_tracked", "_backbone_ref.5.1.conv2.weight", "_backbone_ref.5.1.bn2.weight", "_backbone_ref.5.1.bn2.bias", "_backbone_ref.5.1.bn2.running_mean", "_backbone_ref.5.1.bn2.running_var", "_backbone_ref.5.1.bn2.num_batches_tracked", "_backbone_ref.5.1.conv3.weight", "_backbone_ref.5.1.bn3.weight", "_backbone_ref.5.1.bn3.bias", "_backbone_ref.5.1.bn3.running_mean", "_backbone_ref.5.1.bn3.running_var", "_backbone_ref.5.1.bn3.num_batches_tracked", "_backbone_ref.5.2.conv1.weight", "_backbone_ref.5.2.bn1.weight", "_backbone_ref.5.2.bn1.bias", "_backbone_ref.5.2.bn1.running_mean", "_backbone_ref.5.2.bn1.running_var", "_backbone_ref.5.2.bn1.num_batches_tracked", "_backbone_ref.5.2.conv2.weight", "_backbone_ref.5.2.bn2.weight", "_backbone_ref.5.2.bn2.bias", "_backbone_ref.5.2.bn2.running_mean", "_backbone_ref.5.2.bn2.running_var", "_backbone_ref.5.2.bn2.num_batches_tracked", "_backbone_ref.5.2.conv3.weight", "_backbone_ref.5.2.bn3.weight", "_backbone_ref.5.2.bn3.bias", "_backbone_ref.5.2.bn3.running_mean", "_backbone_ref.5.2.bn3.running_var", "_backbone_ref.5.2.bn3.num_batches_tracked", "_backbone_ref.5.3.conv1.weight", "_backbone_ref.5.3.bn1.weight", "_backbone_ref.5.3.bn1.bias", "_backbone_ref.5.3.bn1.running_mean", "_backbone_ref.5.3.bn1.running_var", "_backbone_ref.5.3.bn1.num_batches_tracked", "_backbone_ref.5.3.conv2.weight", "_backbone_ref.5.3.bn2.weight", "_backbone_ref.5.3.bn2.bias", "_backbone_ref.5.3.bn2.running_mean", "_backbone_ref.5.3.bn2.running_var", "_backbone_ref.5.3.bn2.num_batches_tracked", "_backbone_ref.5.3.conv3.weight", "_backbone_ref.5.3.bn3.weight", "_backbone_ref.5.3.bn3.bias", "_backbone_ref.5.3.bn3.running_mean", "_backbone_ref.5.3.bn3.running_var", "_backbone_ref.5.3.bn3.num_batches_tracked", "_backbone_ref.6.0.conv1.weight", "_backbone_ref.6.0.bn1.weight", "_backbone_ref.6.0.bn1.bias", "_backbone_ref.6.0.bn1.running_mean", "_backbone_ref.6.0.bn1.running_var", "_backbone_ref.6.0.bn1.num_batches_tracked", "_backbone_ref.6.0.conv2.weight", "_backbone_ref.6.0.bn2.weight", "_backbone_ref.6.0.bn2.bias", "_backbone_ref.6.0.bn2.running_mean", "_backbone_ref.6.0.bn2.running_var", "_backbone_ref.6.0.bn2.num_batches_tracked", "_backbone_ref.6.0.conv3.weight", "_backbone_ref.6.0.bn3.weight", "_backbone_ref.6.0.bn3.bias", "_backbone_ref.6.0.bn3.running_mean", "_backbone_ref.6.0.bn3.running_var", "_backbone_ref.6.0.bn3.num_batches_tracked", "_backbone_ref.6.0.downsample.0.weight", "_backbone_ref.6.0.downsample.1.weight", "_backbone_ref.6.0.downsample.1.bias", "_backbone_ref.6.0.downsample.1.running_mean", "_backbone_ref.6.0.downsample.1.running_var", "_backbone_ref.6.0.downsample.1.num_batches_tracked", "_backbone_ref.6.1.conv1.weight", "_backbone_ref.6.1.bn1.weight", "_backbone_ref.6.1.bn1.bias", "_backbone_ref.6.1.bn1.running_mean", "_backbone_ref.6.1.bn1.running_var", "_backbone_ref.6.1.bn1.num_batches_tracked", "_backbone_ref.6.1.conv2.weight", "_backbone_ref.6.1.bn2.weight", "_backbone_ref.6.1.bn2.bias", "_backbone_ref.6.1.bn2.running_mean", "_backbone_ref.6.1.bn2.running_var", "_backbone_ref.6.1.bn2.num_batches_tracked", "_backbone_ref.6.1.conv3.weight", "_backbone_ref.6.1.bn3.weight", "_backbone_ref.6.1.bn3.bias", "_backbone_ref.6.1.bn3.running_mean", "_backbone_ref.6.1.bn3.running_var", "_backbone_ref.6.1.bn3.num_batches_tracked", "_backbone_ref.6.2.conv1.weight", "_backbone_ref.6.2.bn1.weight", "_backbone_ref.6.2.bn1.bias", "_backbone_ref.6.2.bn1.running_mean", "_backbone_ref.6.2.bn1.running_var", "_backbone_ref.6.2.bn1.num_batches_tracked", "_backbone_ref.6.2.conv2.weight", "_backbone_ref.6.2.bn2.weight", "_backbone_ref.6.2.bn2.bias", "_backbone_ref.6.2.bn2.running_mean", "_backbone_ref.6.2.bn2.running_var", "_backbone_ref.6.2.bn2.num_batches_tracked", "_backbone_ref.6.2.conv3.weight", "_backbone_ref.6.2.bn3.weight", "_backbone_ref.6.2.bn3.bias", "_backbone_ref.6.2.bn3.running_mean", "_backbone_ref.6.2.bn3.running_var", "_backbone_ref.6.2.bn3.num_batches_tracked", "_backbone_ref.6.3.conv1.weight", "_backbone_ref.6.3.bn1.weight", "_backbone_ref.6.3.bn1.bias", "_backbone_ref.6.3.bn1.running_mean", "_backbone_ref.6.3.bn1.running_var", "_backbone_ref.6.3.bn1.num_batches_tracked", "_backbone_ref.6.3.conv2.weight", "_backbone_ref.6.3.bn2.weight", "_backbone_ref.6.3.bn2.bias", "_backbone_ref.6.3.bn2.running_mean", "_backbone_ref.6.3.bn2.running_var", "_backbone_ref.6.3.bn2.num_batches_tracked", "_backbone_ref.6.3.conv3.weight", "_backbone_ref.6.3.bn3.weight", "_backbone_ref.6.3.bn3.bias", "_backbone_ref.6.3.bn3.running_mean", "_backbone_ref.6.3.bn3.running_var", "_backbone_ref.6.3.bn3.num_batches_tracked", "_backbone_ref.6.4.conv1.weight", "_backbone_ref.6.4.bn1.weight", "_backbone_ref.6.4.bn1.bias", "_backbone_ref.6.4.bn1.running_mean", "_backbone_ref.6.4.bn1.running_var", "_backbone_ref.6.4.bn1.num_batches_tracked", "_backbone_ref.6.4.conv2.weight", "_backbone_ref.6.4.bn2.weight", "_backbone_ref.6.4.bn2.bias", "_backbone_ref.6.4.bn2.running_mean", "_backbone_ref.6.4.bn2.running_var", "_backbone_ref.6.4.bn2.num_batches_tracked", "_backbone_ref.6.4.conv3.weight", "_backbone_ref.6.4.bn3.weight", "_backbone_ref.6.4.bn3.bias", "_backbone_ref.6.4.bn3.running_mean", "_backbone_ref.6.4.bn3.running_var", "_backbone_ref.6.4.bn3.num_batches_tracked", "_backbone_ref.6.5.conv1.weight", "_backbone_ref.6.5.bn1.weight", "_backbone_ref.6.5.bn1.bias", "_backbone_ref.6.5.bn1.running_mean", "_backbone_ref.6.5.bn1.running_var", "_backbone_ref.6.5.bn1.num_batches_tracked", "_backbone_ref.6.5.conv2.weight", "_backbone_ref.6.5.bn2.weight", "_backbone_ref.6.5.bn2.bias", "_backbone_ref.6.5.bn2.running_mean", "_backbone_ref.6.5.bn2.running_var", "_backbone_ref.6.5.bn2.num_batches_tracked", "_backbone_ref.6.5.conv3.weight", "_backbone_ref.6.5.bn3.weight", "_backbone_ref.6.5.bn3.bias", "_backbone_ref.6.5.bn3.running_mean", "_backbone_ref.6.5.bn3.running_var", "_backbone_ref.6.5.bn3.num_batches_tracked", "_backbone_ref.7.0.conv1.weight", "_backbone_ref.7.0.bn1.weight", "_backbone_ref.7.0.bn1.bias", "_backbone_ref.7.0.bn1.running_mean", "_backbone_ref.7.0.bn1.running_var", "_backbone_ref.7.0.bn1.num_batches_tracked", "_backbone_ref.7.0.conv2.weight", "_backbone_ref.7.0.bn2.weight", "_backbone_ref.7.0.bn2.bias", "_backbone_ref.7.0.bn2.running_mean", "_backbone_ref.7.0.bn2.running_var", "_backbone_ref.7.0.bn2.num_batches_tracked", "_backbone_ref.7.0.conv3.weight", "_backbone_ref.7.0.bn3.weight", "_backbone_ref.7.0.bn3.bias", "_backbone_ref.7.0.bn3.running_mean", "_backbone_ref.7.0.bn3.running_var", "_backbone_ref.7.0.bn3.num_batches_tracked", "_backbone_ref.7.0.downsample.0.weight", "_backbone_ref.7.0.downsample.1.weight", "_backbone_ref.7.0.downsample.1.bias", "_backbone_ref.7.0.downsample.1.running_mean", "_backbone_ref.7.0.downsample.1.running_var", "_backbone_ref.7.0.downsample.1.num_batches_tracked", "_backbone_ref.7.1.conv1.weight", "_backbone_ref.7.1.bn1.weight", "_backbone_ref.7.1.bn1.bias", "_backbone_ref.7.1.bn1.running_mean", "_backbone_ref.7.1.bn1.running_var", "_backbone_ref.7.1.bn1.num_batches_tracked", "_backbone_ref.7.1.conv2.weight", "_backbone_ref.7.1.bn2.weight", "_backbone_ref.7.1.bn2.bias", "_backbone_ref.7.1.bn2.running_mean", "_backbone_ref.7.1.bn2.running_var", "_backbone_ref.7.1.bn2.num_batches_tracked", "_backbone_ref.7.1.conv3.weight", "_backbone_ref.7.1.bn3.weight", "_backbone_ref.7.1.bn3.bias", "_backbone_ref.7.1.bn3.running_mean", "_backbone_ref.7.1.bn3.running_var", "_backbone_ref.7.1.bn3.num_batches_tracked", "_backbone_ref.7.2.conv1.weight", "_backbone_ref.7.2.bn1.weight", "_backbone_ref.7.2.bn1.bias", "_backbone_ref.7.2.bn1.running_mean", "_backbone_ref.7.2.bn1.running_var", "_backbone_ref.7.2.bn1.num_batches_tracked", "_backbone_ref.7.2.conv2.weight", "_backbone_ref.7.2.bn2.weight", "_backbone_ref.7.2.bn2.bias", "_backbone_ref.7.2.bn2.running_mean", "_backbone_ref.7.2.bn2.running_var", "_backbone_ref.7.2.bn2.num_batches_tracked", "_backbone_ref.7.2.conv3.weight", "_backbone_ref.7.2.bn3.weight", "_backbone_ref.7.2.bn3.bias", "_backbone_ref.7.2.bn3.running_mean", "_backbone_ref.7.2.bn3.running_var", "_backbone_ref.7.2.bn3.num_batches_tracked", "fc.head.0.weight", "fc.head.0.bias", "fc.head.0.running_mean", "fc.head.0.running_var", "fc.head.0.num_batches_tracked", "fc.head.2.weight", "fc.head.2.bias", "fc.head.4.weight", "fc.head.4.bias", "fc.head.4.running_mean", "fc.head.4.running_var", "fc.head.4.num_batches_tracked", "fc.head.6.weight", "fc.head.6.bias".  – requests will fail.
2026-04-19 13:59:07,185 [INFO] Loading ML models from E:\finall-iot\backend\model\fruit_quality_models.pkl …
2026-04-19 13:59:08,392 [INFO] ML models loaded. Features: ['mq3', 'mq5', 'mq135', 'temperature', 'humidity', 'gas_intensity', 'fermentation_index', 'spoilage_index', 'env_factor', 'fruit_enc']
2026-04-19 13:59:08,393 [INFO] Server listening on http://127.0.0.1:5000
2026-04-19 13:59:08,402 [INFO] Opening serial port COM8 @ 9600 baud …
2026-04-19 13:59:08,404 [WARNING] Serial unavailable (could not open port 'COM8': FileNotFoundError(2, 'The system cannot find the file specified.', None, 2)). Using simulated sensor data.
2026-04-19 13:59:08,424 [INFO] [31m[1mWARNING: This is a development server. Do not use it in a production deployment. Use a production WSGI server instead.[0m
 * Running on http://127.0.0.1:5000
2026-04-19 13:59:08,424 [INFO] [33mPress CTRL+C to quit[0m
2026-04-19 14:48:20,673 [INFO] ============================================================
2026-04-19 14:48:20,673 [INFO]   FruitSense Backend starting ...
2026-04-19 14:48:20,673 [INFO] ============================================================
2026-04-19 14:48:22,436 [INFO] Loading CNN model from E:\finall-iot\backend\model\best_fruit_model_resnet50.pth ...
2026-04-19 14:48:22,583 [INFO] Checkpoint: num_classes=5  classes=['Apple', 'Banana', 'Grape', 'Mango', 'Strawberry']
2026-04-19 14:48:24,439 [ERROR] CNN model load failed: Error(s) in loading state_dict for FruitSenseCNN:
	size mismatch for fc.head.2.weight: copying a param with shape torch.Size([256, 2048]) from checkpoint, the shape in current model is torch.Size([512, 2048]).
	size mismatch for fc.head.2.bias: copying a param with shape torch.Size([256]) from checkpoint, the shape in current model is torch.Size([512]).
	size mismatch for fc.head.4.weight: copying a param with shape torch.Size([256]) from checkpoint, the shape in current model is torch.Size([512]).
	size mismatch for fc.head.4.bias: copying a param with shape torch.Size([256]) from checkpoint, the shape in current model is torch.Size([512]).
	size mismatch for fc.head.4.running_mean: copying a param with shape torch.Size([256]) from checkpoint, the shape in current model is torch.Size([512]).
	size mismatch for fc.head.4.running_var: copying a param with shape torch.Size([256]) from checkpoint, the shape in current model is torch.Size([512]).
	size mismatch for fc.head.6.weight: copying a param with shape torch.Size([5, 256]) from checkpoint, the shape in current model is torch.Size([5, 512]).
2026-04-19 14:48:24,483 [INFO] Loading ML models from E:\finall-iot\backend\model\fruit_quality_models.pkl ...
2026-04-19 14:48:25,519 [INFO] ML models loaded. Features: ['mq3', 'mq5', 'mq135', 'temperature', 'humidity', 'gas_intensity', 'fermentation_index', 'spoilage_index', 'env_factor', 'fruit_enc']
2026-04-19 14:48:25,520 [INFO] ML model: READY
2026-04-19 14:48:25,524 [INFO] Server listening on http://127.0.0.1:5000
2026-04-19 14:48:25,531 [INFO] Opening serial port COM8 @ 9600 baud ...
2026-04-19 14:48:25,532 [WARNING] Serial unavailable (could not open port 'COM8': FileNotFoundError(2, 'The system cannot find the file specified.', None, 2)). Using simulated sensor data.
2026-04-19 14:48:49,367 [INFO] Loading CNN model from E:\finall-iot\backend\model\best_fruit_model_resnet50.pth ...
2026-04-19 14:48:49,527 [INFO] Checkpoint: num_classes=5  classes=['Apple', 'Banana', 'Grape', 'Mango', 'Strawberry']
2026-04-19 14:48:49,928 [ERROR] Error in /analyze: Error(s) in loading state_dict for FruitSenseCNN:
	size mismatch for fc.head.2.weight: copying a param with shape torch.Size([256, 2048]) from checkpoint, the shape in current model is torch.Size([512, 2048]).
	size mismatch for fc.head.2.bias: copying a param with shape torch.Size([256]) from checkpoint, the shape in current model is torch.Size([512]).
	size mismatch for fc.head.4.weight: copying a param with shape torch.Size([256]) from checkpoint, the shape in current model is torch.Size([512]).
	size mismatch for fc.head.4.bias: copying a param with shape torch.Size([256]) from checkpoint, the shape in current model is torch.Size([512]).
	size mismatch for fc.head.4.running_mean: copying a param with shape torch.Size([256]) from checkpoint, the shape in current model is torch.Size([512]).
	size mismatch for fc.head.4.running_var: copying a param with shape torch.Size([256]) from checkpoint, the shape in current model is torch.Size([512]).
	size mismatch for fc.head.6.weight: copying a param with shape torch.Size([5, 256]) from checkpoint, the shape in current model is torch.Size([5, 512]).
Traceback (most recent call last):
  File "E:\finall-iot\backend\app.py", line 416, in analyze
    fruit_label, cnn_confidence = predict_fruit(body["image"])
  File "E:\finall-iot\backend\app.py", line 250, in predict_fruit
    model = load_cnn_model()
  File "E:\finall-iot\backend\app.py", line 155, in load_cnn_model
    missing, unexpected = model.load_state_dict(checkpoint["state_dict"], strict=False)
  File "E:\finall-iot\backend\venv\lib\site-packages\torch\nn\modules\module.py", line 2639, in load_state_dict
    raise RuntimeError(
RuntimeError: Error(s) in loading state_dict for FruitSenseCNN:
	size mismatch for fc.head.2.weight: copying a param with shape torch.Size([256, 2048]) from checkpoint, the shape in current model is torch.Size([512, 2048]).
	size mismatch for fc.head.2.bias: copying a param with shape torch.Size([256]) from checkpoint, the shape in current model is torch.Size([512]).
	size mismatch for fc.head.4.weight: copying a param with shape torch.Size([256]) from checkpoint, the shape in current model is torch.Size([512]).
	size mismatch for fc.head.4.bias: copying a param with shape torch.Size([256]) from checkpoint, the shape in current model is torch.Size([512]).
	size mismatch for fc.head.4.running_mean: copying a param with shape torch.Size([256]) from checkpoint, the shape in current model is torch.Size([512]).
	size mismatch for fc.head.4.running_var: copying a param with shape torch.Size([256]) from checkpoint, the shape in current model is torch.Size([512]).
	size mismatch for fc.head.6.weight: copying a param with shape torch.Size([5, 256]) from checkpoint, the shape in current model is torch.Size([5, 512]).
2026-04-19 15:54:46,253 [INFO] ============================================================
2026-04-19 15:54:46,253 [INFO]   FruitSense Backend starting ...
2026-04-19 15:54:46,269 [INFO] ============================================================
2026-04-19 15:54:48,075 [INFO] Loading CNN model from E:\finall-iot\backend\model\best_fruit_model_resnet50.pth ...
2026-04-19 15:54:48,208 [INFO] Checkpoint: num_classes=5  classes=['Apple', 'Banana', 'Grape', 'Mango', 'Strawberry']
2026-04-19 15:54:49,943 [ERROR] CNN model load failed: module 'torch.nn' has no attribute 'linear'
2026-04-19 15:54:49,976 [INFO] Loading ML models from E:\finall-iot\backend\model\fruit_quality_models.pkl ...
2026-04-19 15:54:50,867 [INFO] ML models loaded. Features: ['mq3', 'mq5', 'mq135', 'temperature', 'humidity', 'gas_intensity', 'fermentation_index', 'spoilage_index', 'env_factor', 'fruit_enc']
2026-04-19 15:54:50,867 [INFO] ML model: READY
2026-04-19 15:54:50,867 [INFO] Server listening on http://127.0.0.1:5000
2026-04-19 15:54:50,883 [INFO] Opening serial port COM8 @ 9600 baud ...
2026-04-19 15:54:50,883 [WARNING] Serial unavailable (could not open port 'COM8': FileNotFoundError(2, 'The system cannot find the file specified.', None, 2)). Using simulated sensor data.
2026-04-19 15:57:55,874 [INFO] ============================================================
2026-04-19 15:57:55,874 [INFO]   FruitSense Backend starting ...
2026-04-19 15:57:55,874 [INFO] ============================================================
2026-04-19 15:57:57,561 [INFO] Loading CNN model from E:\finall-iot\backend\model\best_fruit_model_resnet50.pth ...
2026-04-19 15:57:57,689 [INFO] Checkpoint: num_classes=5  classes=['Apple', 'Banana', 'Grape', 'Mango', 'Strawberry']
2026-04-19 15:57:59,351 [ERROR] CNN model load failed: module 'torch.nn' has no attribute 'linear'
2026-04-19 15:57:59,388 [INFO] Loading ML models from E:\finall-iot\backend\model\fruit_quality_models.pkl ...
2026-04-19 15:58:00,250 [INFO] ML models loaded. Features: ['mq3', 'mq5', 'mq135', 'temperature', 'humidity', 'gas_intensity', 'fermentation_index', 'spoilage_index', 'env_factor', 'fruit_enc']
2026-04-19 15:58:00,250 [INFO] ML model: READY
2026-04-19 15:58:00,250 [INFO] Server listening on http://127.0.0.1:5000
2026-04-19 15:58:00,271 [INFO] Opening serial port COM8 @ 9600 baud ...
2026-04-19 15:58:02,289 [INFO] Arduino connected on COM8
2026-04-19 15:58:27,173 [INFO] Loading CNN model from E:\finall-iot\backend\model\best_fruit_model_resnet50.pth ...
2026-04-19 15:58:27,322 [INFO] Checkpoint: num_classes=5  classes=['Apple', 'Banana', 'Grape', 'Mango', 'Strawberry']
2026-04-19 15:58:27,671 [ERROR] Error in /analyze: module 'torch.nn' has no attribute 'linear'
Traceback (most recent call last):
  File "E:\finall-iot\backend\app.py", line 419, in analyze
    fruit_label, cnn_confidence = predict_fruit(body["image"])
  File "E:\finall-iot\backend\app.py", line 253, in predict_fruit
    model = load_cnn_model()
  File "E:\finall-iot\backend\app.py", line 155, in load_cnn_model
    model = build_custom_model(num_classes)
  File "E:\finall-iot\backend\app.py", line 136, in build_custom_model
    return FruitSenseCNN(num_classes)
  File "E:\finall-iot\backend\app.py", line 123, in __init__
    nn.linear(256,256),         # 4
AttributeError: module 'torch.nn' has no attribute 'linear'
